<?xml version="1.0" encoding="UTF-8"?>
<!-- Generated by org.testng.reporters.JUnitReportReporter -->
<testsuite hostname="DESKTOP-NATSP6H" failures="0" tests="3" name="AUTngTest" time="5.130" errors="0" timestamp="2023-02-14T12:09:33 WIB" skipped="0">
  <testcase classname="AUTngTest" name="testCase1" time="4.164"/>
  <system-out/>
  <testcase classname="AUTngTest" name="testCase3" time="0.369"/>
  <system-out/>
  <testcase classname="AUTngTest" name="testCase2" time="0.597"/>
  <system-out/>
</testsuite> <!-- AUTngTest -->
