<?xml version="1.0" encoding="UTF-8"?>
<!-- Generated by org.testng.reporters.JUnitReportReporter -->
<testsuite hostname="DESKTOP-NATSP6H" failures="0" tests="3" name="AUTngTest" time="0.898" errors="0" timestamp="2023-02-14T10:27:42 WIB" skipped="0">
  <testcase classname="AUTngTest" name="testCase1" time="0.530"/>
  <system-out/>
  <testcase classname="AUTngTest" name="testCase3" time="0.140"/>
  <system-out/>
  <testcase classname="AUTngTest" name="testCase2" time="0.228"/>
  <system-out/>
</testsuite> <!-- AUTngTest -->
