<?xml version="1.0" encoding="UTF-8"?>
<!-- Generated by org.testng.reporters.JUnitReportReporter -->
<testsuite hostname="DESKTOP-NATSP6H" failures="0" tests="3" name="AUTngTest" time="0.849" errors="0" timestamp="2023-02-14T10:12:43 WIB" skipped="0">
  <testcase classname="AUTngTest" name="testCase1" time="0.482"/>
  <system-out/>
  <testcase classname="AUTngTest" name="testCase2" time="0.229"/>
  <system-out/>
  <testcase classname="AUTngTest" name="testCase3" time="0.138"/>
  <system-out/>
</testsuite> <!-- AUTngTest -->
